<?xml version="1.0" encoding="UTF-8" ?>
<testsuites name="vitest tests" tests="1" failures="1" errors="0" time="0.004130873">
    <testsuite name="src/__tests__/blog.test.jsx" timestamp="2026-05-17T12:27:28.226Z" hostname="DESKTOP-46T5G0R" tests="1" failures="1" errors="0" skipped="0" time="0.004130873">
        <testcase classname="src/__tests__/blog.test.jsx" name="renders app without crashing" time="0.003000746">
            <failure message="React is not defined" type="ReferenceError">
ReferenceError: React is not defined
 ❯ src/__tests__/blog.test.jsx:5:10
            </failure>
        </testcase>
    </testsuite>
</testsuites>
